<?xml version="1.0" encoding="UTF-8"?>
<testsuite name="com.soywiz.korau.format.atrac3plus.TestAgainstJavaImpl" tests="1" skipped="1" failures="0" errors="0" timestamp="2017-11-30T20:44:17" hostname="DESKTOP-7DB93B2" time="0.0">
  <properties/>
  <testcase name="name" classname="com.soywiz.korau.format.atrac3plus.TestAgainstJavaImpl" time="0.0">
    <skipped/>
  </testcase>
  <system-out><![CDATA[]]></system-out>
  <system-err><![CDATA[]]></system-err>
</testsuite>
